  0716-1.cpp
  0716-0.cpp
  0720-0.cpp
  1.cpp
  array.cpp
  baseball.cpp
  bosslaid.cpp
  c.cpp
  callBytest.cpp
  HandleDungeon.cpp
  HandleStatAlloc.cpp
  HandleTown.cpp
  main.cpp
  Monster.cpp
  greedy.cpp
  condition.cpp
  function_return_and_cout.cpp
  callBy.cpp
  makebaseball.cpp
  Player.cpp
  코드를 생성하고 있습니다...
  컴파일하고 있습니다...
  pointer.cpp
  pointer2.cpp
  recursion.cpp
  rixrpg.cpp
  rpg.cpp
  pyramidStar.cpp
  reversepyramidStar.cpp
  string.cpp
  testarray.cpp
  testString.cpp
  utils.cpp
  vector.cpp
  hashtable.cpp
  increase.cpp
  mergesort.cpp
  operator.cpp
  problem1.cpp
  recycle.cpp
  RSP.cpp
  money.cpp
  코드를 생성하고 있습니다...
  컴파일하고 있습니다...
  typeChange.cpp
  week3_class2.cpp
  realTest.cpp
  test.cpp
  test1.cpp
  week1_work0.cpp
  week1_work1.cpp
  week1_work2.cpp
  week1_work3.cpp
C:\Users\user\source\repos\unreal11\unreal11\week1_work3.cpp(1,1): warning C4819: 현재 코드 페이지(949)에서 표시할 수 없는 문자가 파일에 들어 있습니다. 데이터가 손실되지 않게 하려면 해당 파일을 유니코드 형식으로 저장하십시오.
  week1_work4.cpp
C:\Users\user\source\repos\unreal11\unreal11\week1_work4.cpp(1,1): warning C4819: 현재 코드 페이지(949)에서 표시할 수 없는 문자가 파일에 들어 있습니다. 데이터가 손실되지 않게 하려면 해당 파일을 유니코드 형식으로 저장하십시오.
  week2_work0.cpp
C:\Users\user\source\repos\unreal11\unreal11\week2_work0.cpp(1,1): warning C4819: 현재 코드 페이지(949)에서 표시할 수 없는 문자가 파일에 들어 있습니다. 데이터가 손실되지 않게 하려면 해당 파일을 유니코드 형식으로 저장하십시오.
  week2_work1.cpp
  week2_work10.cpp
C:\Users\user\source\repos\unreal11\unreal11\week2_work10.cpp(1,1): warning C4819: 현재 코드 페이지(949)에서 표시할 수 없는 문자가 파일에 들어 있습니다. 데이터가 손실되지 않게 하려면 해당 파일을 유니코드 형식으로 저장하십시오.
  week2_work2.cpp
  week2_work3.cpp
  week2_work4.cpp
  week2_work5.cpp
  week2_work6-1.cpp
C:\Users\user\source\repos\unreal11\unreal11\week2_work6-1.cpp(1,1): warning C4819: 현재 코드 페이지(949)에서 표시할 수 없는 문자가 파일에 들어 있습니다. 데이터가 손실되지 않게 하려면 해당 파일을 유니코드 형식으로 저장하십시오.
  week2_work6.cpp
  week3_class0.cpp
  코드를 생성하고 있습니다...
  컴파일하고 있습니다...
  week3_class1.cpp
  rand.cpp
  코드를 생성하고 있습니다...
Player.obj : error LNK2005: "void __cdecl IncreaseAtk(struct Player *)" (?IncreaseAtk@@YAXPEAUPlayer@@@Z)이(가) HandleStatAlloc.obj에 이미 정의되어 있습니다.
Player.obj : error LNK2005: "void __cdecl IncreaseMaxHp(struct Player *)" (?IncreaseMaxHp@@YAXPEAUPlayer@@@Z)이(가) HandleStatAlloc.obj에 이미 정의되어 있습니다.
HandleStatAlloc.obj : error LNK2019: "int __cdecl GetValidChoice(int,int)" (?GetValidChoice@@YAHHH@Z)"enum GameState __cdecl HandleStatAlloc(struct Player *)" (?HandleStatAlloc@@YA?AW4GameState@@PEAUPlayer@@@Z) 함수에서 참조되는 확인할 수 없는 외부 기호
HandleTown.obj : error LNK2001: 확인할 수 없는 외부 기호 "int __cdecl GetValidChoice(int,int)" (?GetValidChoice@@YAHHH@Z)
C:\Users\user\Source\Repos\unreal11\unreal11\x64\Debug\unreal11.exe : fatal error LNK1120: 1개의 확인할 수 없는 외부 참조입니다.
